Arguments: 
  C:\Program Files\nodejs\node.exe C:\Users\RexfordKoomson\AppData\Roaming\npm\node_modules\yarn\bin\yarn.js install

PATH: 
  C:\Users\RexfordKoomson\bin;C:\Program Files\Git\mingw64\bin;C:\Program Files\Git\usr\local\bin;C:\Program Files\Git\usr\bin;C:\Program Files\Git\usr\bin;C:\Program Files\Git\mingw64\bin;C:\Program Files\Git\usr\bin;C:\Users\RexfordKoomson\bin;C:\Program Files (x86)\Common Files\Oracle\Java\javapath;C:\Program Files (x86)\VMware\VMware Workstation\bin;C:\Windows\system32;C:\Windows;C:\Windows\System32\Wbem;C:\Windows\System32\WindowsPowerShell\v1.0;C:\Windows\System32\OpenSSH;C:\Program Files\Git\cmd;C:\Program Files\nodejs;C:\xampp\php;C:\composer;C:\Program Files\Docker\Docker\resources\bin;C:\ProgramData\DockerDesktop\version-bin;C:\Program Files (x86)\Java\jre1.8.0_341\bin;C:\Users\RexfordKoomson\.rover\bin;C:\Users\RexfordKoomson\AppData\Local\Programs\Python\Python310\Scripts;C:\Users\RexfordKoomson\AppData\Local\Programs\Python\Python310;C:\Users\RexfordKoomson\AppData\Local\Microsoft\WindowsApps;C:\Users\RexfordKoomson\AppData\Local\Programs\Microsoft VS Code\bin;C:\Users\RexfordKoomson\AppData\Local\GitHubDesktop\bin;C:\Users\RexfordKoomson\AppData\Roaming\npm;C:\Users\RexfordKoomson\AppData\Roaming\Composer\vendor\bin;C:\Program Files\Git\usr\bin\vendor_perl;C:\Program Files\Git\usr\bin\core_perl

Yarn version: 
  1.22.19

Node version: 
  16.16.0

Platform: 
  win32 x64

Trace: 
  Error: getaddrinfo ENOTFOUND registry.npmjs.org
      at GetAddrInfoReqWrap.onlookup [as oncomplete] (node:dns:71:26)

npm manifest: 
  {
    "name": "location-reviews",
    "version": "1.0.0",
    "description": "",
    "main": "index.js",
    "scripts": {
      "start": "nodemon . -e js,graphql"
    },
    "keywords": [],
    "author": "",
    "license": "ISC",
    "dependencies": {
      "@apollo/subgraph": "^2.1.1",
      "apollo-server": "^3.4.0",
      "fs": "0.0.1-security",
      "graphql": "^16.0.0",
      "nodemon": "^2.0.13"
    }
  }

yarn manifest: 
  No manifest

Lockfile: 
  No lockfile
